Started GET "/instructor_recommendation/index" for 127.0.0.1 at 2021-11-29 23:17:54 -0500
Processing by InstructorRecommendationController#index as HTML
  [1m[36mUser Load (7.1ms)[0m  [1m[34mSELECT "users".* FROM "users" WHERE "users"."id" = $1 ORDER BY "users"."id" ASC LIMIT $2[0m  [["id", 1], ["LIMIT", 1]]
  Rendering layout layouts/application.html.erb
  Rendering instructor_recommendation/index.html.erb within layouts/application
  [1m[36mInstructorRecommendation Load (9.8ms)[0m  [1m[34mSELECT "instructor_recommendations".* FROM "instructor_recommendations"[0m
  ↳ app/views/instructor_recommendation/index.html.erb:18
  Rendered instructor_recommendation/index.html.erb within layouts/application (Duration: 51.7ms | Allocations: 5350)
[Webpacker] Everything's up-to-date. Nothing to do
  Rendered layout layouts/application.html.erb (Duration: 68.5ms | Allocations: 8544)
Completed 200 OK in 150ms (Views: 49.3ms | ActiveRecord: 47.6ms | Allocations: 16111)


Started POST "/clear_table_instructor_recommendation" for 127.0.0.1 at 2021-11-29 23:17:58 -0500
Processing by InstructorRecommendationController#clear_table as HTML
  Parameters: {"authenticity_token"=>"[FILTERED]"}
  [1m[36mUser Load (5.8ms)[0m  [1m[34mSELECT "users".* FROM "users" WHERE "users"."id" = $1 ORDER BY "users"."id" ASC LIMIT $2[0m  [["id", 1], ["LIMIT", 1]]
DEBUG: made it to clear_table method
  [1m[35m (8.4ms)[0m  [1m[35mTRUNCATE TABLE "courses"[0m
  ↳ app/controllers/instructor_recommendation_controller.rb:13:in `clear_table'
Redirected to http://localhost:3000/instructor_recommendation/index
Completed 302 Found in 27ms (ActiveRecord: 14.2ms | Allocations: 1947)


Started GET "/instructor_recommendation/index" for 127.0.0.1 at 2021-11-29 23:17:58 -0500
Processing by InstructorRecommendationController#index as HTML
  [1m[36mUser Load (2.5ms)[0m  [1m[34mSELECT "users".* FROM "users" WHERE "users"."id" = $1 ORDER BY "users"."id" ASC LIMIT $2[0m  [["id", 1], ["LIMIT", 1]]
  Rendering layout layouts/application.html.erb
  Rendering instructor_recommendation/index.html.erb within layouts/application
  [1m[36mInstructorRecommendation Load (4.1ms)[0m  [1m[34mSELECT "instructor_recommendations".* FROM "instructor_recommendations"[0m
  ↳ app/views/instructor_recommendation/index.html.erb:18
  Rendered instructor_recommendation/index.html.erb within layouts/application (Duration: 25.2ms | Allocations: 2080)
[Webpacker] Everything's up-to-date. Nothing to do
  Rendered layout layouts/application.html.erb (Duration: 40.8ms | Allocations: 5295)
Completed 200 OK in 60ms (Views: 40.4ms | ActiveRecord: 6.6ms | Allocations: 6952)


Started GET "/instructor_recommendation/index" for 127.0.0.1 at 2021-11-29 23:18:19 -0500
Processing by InstructorRecommendationController#index as HTML
  [1m[36mUser Load (4.0ms)[0m  [1m[34mSELECT "users".* FROM "users" WHERE "users"."id" = $1 ORDER BY "users"."id" ASC LIMIT $2[0m  [["id", 1], ["LIMIT", 1]]
  Rendering layout layouts/application.html.erb
  Rendering instructor_recommendation/index.html.erb within layouts/application
  [1m[36mInstructorRecommendation Load (1.8ms)[0m  [1m[34mSELECT "instructor_recommendations".* FROM "instructor_recommendations"[0m
  ↳ app/views/instructor_recommendation/index.html.erb:18
  Rendered instructor_recommendation/index.html.erb within layouts/application (Duration: 47.5ms | Allocations: 5346)
[Webpacker] Everything's up-to-date. Nothing to do
  Rendered layout layouts/application.html.erb (Duration: 60.8ms | Allocations: 8561)
Completed 200 OK in 130ms (Views: 53.4ms | ActiveRecord: 28.4ms | Allocations: 16109)


Started POST "/clear_table_instructor_recommendation" for 127.0.0.1 at 2021-11-29 23:18:20 -0500
Processing by InstructorRecommendationController#clear_table as HTML
  Parameters: {"authenticity_token"=>"[FILTERED]"}
  [1m[36mUser Load (1.6ms)[0m  [1m[34mSELECT "users".* FROM "users" WHERE "users"."id" = $1 ORDER BY "users"."id" ASC LIMIT $2[0m  [["id", 1], ["LIMIT", 1]]
  [1m[35m (1.9ms)[0m  [1m[35mTRUNCATE TABLE "instructor_recommendation"[0m
  ↳ app/controllers/instructor_recommendation_controller.rb:12:in `clear_table'
Completed 500 Internal Server Error in 18ms (ActiveRecord: 3.5ms | Allocations: 2557)


  
ActiveRecord::StatementInvalid (PG::UndefinedTable: ERROR:  relation "instructor_recommendation" does not exist
):
  
app/controllers/instructor_recommendation_controller.rb:12:in `clear_table'
Started GET "/instructor_recommendation/index" for 127.0.0.1 at 2021-11-29 23:19:00 -0500
  [1m[35m (1.7ms)[0m  [1m[34mSELECT "schema_migrations"."version" FROM "schema_migrations" ORDER BY "schema_migrations"."version" ASC[0m
Processing by InstructorRecommendationController#index as HTML
  [1m[36mUser Load (4.8ms)[0m  [1m[34mSELECT "users".* FROM "users" WHERE "users"."id" = $1 ORDER BY "users"."id" ASC LIMIT $2[0m  [["id", 1], ["LIMIT", 1]]
  Rendering layout layouts/application.html.erb
  Rendering instructor_recommendation/index.html.erb within layouts/application
  [1m[36mInstructorRecommendation Load (5.1ms)[0m  [1m[34mSELECT "instructor_recommendations".* FROM "instructor_recommendations"[0m
  ↳ app/views/instructor_recommendation/index.html.erb:18
  Rendered instructor_recommendation/index.html.erb within layouts/application (Duration: 72.8ms | Allocations: 9417)
[Webpacker] Everything's up-to-date. Nothing to do
  Rendered layout layouts/application.html.erb (Duration: 86.2ms | Allocations: 13303)
Completed 200 OK in 190ms (Views: 75.5ms | ActiveRecord: 44.3ms | Allocations: 24743)


Started POST "/clear_table_instructor_recommendation" for 127.0.0.1 at 2021-11-29 23:19:02 -0500
Processing by InstructorRecommendationController#clear_table as HTML
  Parameters: {"authenticity_token"=>"[FILTERED]"}
  [1m[36mUser Load (2.4ms)[0m  [1m[34mSELECT "users".* FROM "users" WHERE "users"."id" = $1 ORDER BY "users"."id" ASC LIMIT $2[0m  [["id", 1], ["LIMIT", 1]]
  [1m[35m (65.1ms)[0m  [1m[35mTRUNCATE TABLE "instructor_recommendations"[0m
  ↳ app/controllers/instructor_recommendation_controller.rb:12:in `clear_table'
Redirected to http://localhost:3000/instructor_recommendation/index
Completed 302 Found in 81ms (ActiveRecord: 67.5ms | Allocations: 1997)


Started GET "/instructor_recommendation/index" for 127.0.0.1 at 2021-11-29 23:19:02 -0500
Processing by InstructorRecommendationController#index as HTML
  [1m[36mUser Load (4.4ms)[0m  [1m[34mSELECT "users".* FROM "users" WHERE "users"."id" = $1 ORDER BY "users"."id" ASC LIMIT $2[0m  [["id", 1], ["LIMIT", 1]]
  Rendering layout layouts/application.html.erb
  Rendering instructor_recommendation/index.html.erb within layouts/application
  [1m[36mInstructorRecommendation Load (6.7ms)[0m  [1m[34mSELECT "instructor_recommendations".* FROM "instructor_recommendations"[0m
  ↳ app/views/instructor_recommendation/index.html.erb:18
  Rendered instructor_recommendation/index.html.erb within layouts/application (Duration: 16.0ms | Allocations: 1902)
[Webpacker] Everything's up-to-date. Nothing to do
  Rendered layout layouts/application.html.erb (Duration: 29.7ms | Allocations: 5106)
Completed 200 OK in 50ms (Views: 26.5ms | ActiveRecord: 11.1ms | Allocations: 6764)


